2026-06-24 13:31:12.061 - RealTimeSTT: realtimestt - INFO - Starting RealTimeSTT
2026-06-24 13:31:12.073 - RealTimeSTT: realtimestt - INFO - Initializing audio recording (creating pyAudio input stream, sample rate: 16000 buffer size: 512
2026-06-24 13:31:12.076 - RealTimeSTT: realtimestt - INFO - Initializing WebRTC voice with Sensitivity 3
2026-06-24 13:31:12.076 - RealTimeSTT: realtimestt - DEBUG - WebRTC VAD voice activity detection engine initialized successfully
2026-06-24 13:31:12.089 - RealTimeSTT: realtimestt - DEBUG - Silero VAD auto backend raw_onnx_ifless unavailable
Traceback (most recent call last):
  File "D:\Personal\Projects\GitHub\Transcrible\venv\Lib\site-packages\RealtimeSTT\core\silero_vad.py", line 176, in _create_auto_vad
    return _create_raw_onnx_vad(
        model_name,
    ...<4 lines>...
        chunk_samples,
    )
  File "D:\Personal\Projects\GitHub\Transcrible\venv\Lib\site-packages\RealtimeSTT\core\silero_vad.py", line 225, in _create_raw_onnx_vad
    raise SileroVadError(
    ...<3 lines>...
    )
RealtimeSTT.core.silero_vad.SileroVadError: Could not find silero_vad_op18_ifless.onnx in the installed silero_vad package or the local torch hub cache. Install 'silero-vad' or pass silero_onnx_model_path.
2026-06-24 13:31:12.472 - RealTimeSTT: realtimestt - DEBUG - Silero VAD voice activity detection engine initialized successfully with backend raw_onnx
2026-06-24 13:31:12.473 - RealTimeSTT: realtimestt - DEBUG - Starting realtime worker
2026-06-24 13:31:12.474 - RealTimeSTT: realtimestt - DEBUG - Waiting for main transcription model to start
2026-06-24 13:31:12.474 - RealTimeSTT: realtimestt - DEBUG - Realtime transcription disabled; realtime worker exits
2026-06-24 13:31:14.397 - RealTimeSTT: realtimestt - INFO - Starting RealTimeSTT
2026-06-24 13:31:14.398 - RealTimeSTT: realtimestt - INFO - Starting RealTimeSTT
2026-06-24 13:32:40.390 - RealTimeSTT: realtimestt - INFO - Starting RealTimeSTT
2026-06-24 13:32:40.396 - RealTimeSTT: realtimestt - INFO - Initializing audio recording (creating pyAudio input stream, sample rate: 16000 buffer size: 512
2026-06-24 13:32:40.399 - RealTimeSTT: realtimestt - INFO - Initializing WebRTC voice with Sensitivity 3
2026-06-24 13:32:40.399 - RealTimeSTT: realtimestt - DEBUG - WebRTC VAD voice activity detection engine initialized successfully
2026-06-24 13:32:40.403 - RealTimeSTT: realtimestt - DEBUG - Silero VAD auto backend raw_onnx_ifless unavailable
Traceback (most recent call last):
  File "D:\Personal\Projects\GitHub\Transcrible\venv\Lib\site-packages\RealtimeSTT\core\silero_vad.py", line 176, in _create_auto_vad
    return _create_raw_onnx_vad(
        model_name,
    ...<4 lines>...
        chunk_samples,
    )
  File "D:\Personal\Projects\GitHub\Transcrible\venv\Lib\site-packages\RealtimeSTT\core\silero_vad.py", line 225, in _create_raw_onnx_vad
    raise SileroVadError(
    ...<3 lines>...
    )
RealtimeSTT.core.silero_vad.SileroVadError: Could not find silero_vad_op18_ifless.onnx in the installed silero_vad package or the local torch hub cache. Install 'silero-vad' or pass silero_onnx_model_path.
2026-06-24 13:32:40.527 - RealTimeSTT: realtimestt - DEBUG - Silero VAD voice activity detection engine initialized successfully with backend raw_onnx
2026-06-24 13:32:40.529 - RealTimeSTT: realtimestt - DEBUG - Starting realtime worker
2026-06-24 13:32:40.529 - RealTimeSTT: realtimestt - DEBUG - Waiting for main transcription model to start
2026-06-24 13:32:40.529 - RealTimeSTT: realtimestt - DEBUG - Realtime transcription disabled; realtime worker exits
2026-06-24 13:32:50.176 - RealTimeSTT: realtimestt - DEBUG - Main transcription model ready
2026-06-24 13:32:50.177 - RealTimeSTT: realtimestt - DEBUG - RealtimeSTT initialization completed successfully
2026-06-24 13:32:50.177 - RealTimeSTT: realtimestt - INFO - Setting listen time
2026-06-24 13:32:50.177 - RealTimeSTT: realtimestt - INFO - State changed from 'inactive' to 'listening'
2026-06-24 13:32:50.178 - RealTimeSTT: realtimestt - DEBUG - Waiting for recording start
2026-06-24 13:33:05.009 - RealTimeSTT: realtimestt - INFO - voice activity detected
2026-06-24 13:33:05.009 - RealTimeSTT: realtimestt - INFO - recording started
2026-06-24 13:33:05.009 - RealTimeSTT: realtimestt - INFO - State changed from 'listening' to 'recording'
2026-06-24 13:33:05.009 - RealTimeSTT: realtimestt - DEBUG - Waiting for recording stop
2026-06-24 13:33:07.049 - RealTimeSTT: realtimestt - INFO - recording stopped
2026-06-24 13:33:07.050 - RealTimeSTT: realtimestt - DEBUG - No samples removed, final audio length: 49152
2026-06-24 13:33:07.050 - RealTimeSTT: realtimestt - INFO - State changed from 'recording' to 'inactive'
2026-06-24 13:33:07.135 - RealTimeSTT: realtimestt - INFO - State changed from 'inactive' to 'transcribing'
2026-06-24 13:33:07.136 - RealTimeSTT: realtimestt - DEBUG - Adding transcription request, no early transcription started
2026-06-24 13:33:07.136 - RealTimeSTT: realtimestt - DEBUG - Receive from parent_transcription_pipe after sendiung transcription request, transcribe_count: 1
2026-06-24 13:33:07.240 - RealTimeSTT: realtimestt - DEBUG - Receive from parent_transcription_pipe after sendiung transcription request, transcribe_count: 1
2026-06-24 13:33:07.347 - RealTimeSTT: realtimestt - DEBUG - Receive from parent_transcription_pipe after sendiung transcription request, transcribe_count: 1
2026-06-24 13:33:07.454 - RealTimeSTT: realtimestt - DEBUG - Receive from parent_transcription_pipe after sendiung transcription request, transcribe_count: 1
2026-06-24 13:33:07.563 - RealTimeSTT: realtimestt - DEBUG - Receive from parent_transcription_pipe after sendiung transcription request, transcribe_count: 1
2026-06-24 13:33:07.671 - RealTimeSTT: realtimestt - DEBUG - Receive from parent_transcription_pipe after sendiung transcription request, transcribe_count: 1
2026-06-24 13:33:07.780 - RealTimeSTT: realtimestt - DEBUG - Receive from parent_transcription_pipe after sendiung transcription request, transcribe_count: 1
2026-06-24 13:33:07.840 - RealTimeSTT: realtimestt - INFO - State changed from 'transcribing' to 'inactive'
2026-06-24 13:33:07.850 - RealTimeSTT: realtimestt - DEBUG - Model base completed transcription in 0.71 seconds
2026-06-24 13:33:07.850 - RealTimeSTT: realtimestt - INFO - Setting listen time
2026-06-24 13:33:07.851 - RealTimeSTT: realtimestt - INFO - State changed from 'inactive' to 'listening'
2026-06-24 13:33:07.851 - RealTimeSTT: realtimestt - DEBUG - Waiting for recording start
2026-06-24 13:33:22.180 - RealTimeSTT: realtimestt - INFO - KeyboardInterrupt in wait_audio, shutting down
2026-06-24 13:33:22.180 - RealTimeSTT: realtimestt - DEBUG - Finishing recording thread
2026-06-24 13:33:22.196 - RealTimeSTT: realtimestt - DEBUG - Terminating reader process
2026-06-24 13:33:22.501 - RealTimeSTT: realtimestt - DEBUG - Terminating transcription process
2026-06-24 13:33:22.682 - RealTimeSTT: realtimestt - DEBUG - Finishing realtime thread
2026-06-24 13:33:22.725 - RealTimeSTT: realtimestt - INFO - KeyboardInterrupt in text() method
2026-06-25 12:46:56.696 - RealTimeSTT: realtimestt - INFO - Starting RealTimeSTT
2026-06-25 12:46:56.709 - RealTimeSTT: realtimestt - INFO - Initializing audio recording (creating pyAudio input stream, sample rate: 16000 buffer size: 512
2026-06-25 12:46:56.711 - RealTimeSTT: realtimestt - INFO - Initializing WebRTC voice with Sensitivity 3
2026-06-25 12:46:56.722 - RealTimeSTT: realtimestt - DEBUG - WebRTC VAD voice activity detection engine initialized successfully
2026-06-25 12:46:56.730 - RealTimeSTT: realtimestt - DEBUG - Silero VAD auto backend raw_onnx_ifless unavailable
Traceback (most recent call last):
  File "D:\Personal\Projects\GitHub\Transcrible\venv\Lib\site-packages\RealtimeSTT\core\silero_vad.py", line 176, in _create_auto_vad
    return _create_raw_onnx_vad(
        model_name,
    ...<4 lines>...
        chunk_samples,
    )
  File "D:\Personal\Projects\GitHub\Transcrible\venv\Lib\site-packages\RealtimeSTT\core\silero_vad.py", line 225, in _create_raw_onnx_vad
    raise SileroVadError(
    ...<3 lines>...
    )
RealtimeSTT.core.silero_vad.SileroVadError: Could not find silero_vad_op18_ifless.onnx in the installed silero_vad package or the local torch hub cache. Install 'silero-vad' or pass silero_onnx_model_path.
2026-06-25 12:46:57.402 - RealTimeSTT: realtimestt - DEBUG - Silero VAD voice activity detection engine initialized successfully with backend raw_onnx
2026-06-25 12:46:57.406 - RealTimeSTT: realtimestt - DEBUG - Starting realtime worker
2026-06-25 12:46:57.406 - RealTimeSTT: realtimestt - DEBUG - Waiting for main transcription model to start
2026-06-25 12:46:57.406 - RealTimeSTT: realtimestt - DEBUG - Realtime transcription disabled; realtime worker exits
2026-06-25 12:47:07.779 - RealTimeSTT: realtimestt - DEBUG - Main transcription model ready
2026-06-25 12:47:07.780 - RealTimeSTT: realtimestt - DEBUG - RealtimeSTT initialization completed successfully
2026-06-25 12:47:07.780 - RealTimeSTT: realtimestt - INFO - Setting listen time
2026-06-25 12:47:07.780 - RealTimeSTT: realtimestt - INFO - State changed from 'inactive' to 'listening'
2026-06-25 12:47:07.782 - RealTimeSTT: realtimestt - DEBUG - Waiting for recording start
